<?xml version="1.0" encoding="UTF-8"?>
<testsuite xmlns:xsi="http://www.w3.org/2001/XMLSchema-instance" xsi:noNamespaceSchemaLocation="https://maven.apache.org/surefire/maven-surefire-plugin/xsd/surefire-test-report-3.0.xsd" version="3.0" name="runners.TestRunner" time="20.722" tests="3" errors="0" skipped="0" failures="0">
  <properties>
[...]
</properties>
  <testcase name="Ingreso de nombre de usuario con datos almacenados en BD" classname="Login and Registration" time="10.192">
    <system-out><![CDATA[
Scenario: Ingreso de nombre de usuario con datos almacenados en BD                  # src/test/resources/features/login.feature:3
  Given que estoy en la página de inicio de sesión                                  # steps.LoginSteps.abrirPaginaInicioSesion()
  When ingreso el nombre de usuario "usuario_valido" y password "password_correcto" # steps.LoginSteps.ingresoNombreUsuarioYPassword(java.lang.String,java.lang.String)
  Then el sistema permite el acceso exitosamente                                    # steps.LoginSteps.verificarAccesoExitoso()
]]></system-out>
    <system-err><![CDATA[ene 25, 2025 1:33:24 A. M. org.openqa.selenium.devtools.CdpVersionFinder findNearestMatch
WARNING: Unable to find CDP implementation matching 132
ene 25, 2025 1:33:24 A. M. org.openqa.selenium.chromium.ChromiumDriver lambda$new$5
WARNING: Unable to find version of CDP to use for 132.0.6834.111. You may need to include a dependency on a specific version of the CDP using something similar to `org.seleniumhq.selenium:selenium-devtools-v86:4.12.0` where the version ("v86") matches the version of the chromium-based browser you're using and the version number of the artifact is the same as Selenium's.
]]></system-err>
  </testcase>
  <testcase name="Ingreso de nombre de usuario y password con datos erróneos" classname="Login and Registration" time="4.763">
    <system-out><![CDATA[
Scenario: Ingreso de nombre de usuario y password con datos erróneos                  # src/test/resources/features/login.feature:8
  Given que estoy en la página de inicio de sesión                                    # steps.LoginSteps.abrirPaginaInicioSesion()
  When ingreso el nombre de usuario "usuario_invalido" y password "password_invalido" # steps.LoginSteps.ingresoNombreUsuarioYPassword(java.lang.String,java.lang.String)
  Then el sistema muestra un mensaje de error                                         # steps.LoginSteps.verificarMensajeError()
]]></system-out>
    <system-err><![CDATA[ene 25, 2025 1:33:29 A. M. org.openqa.selenium.devtools.CdpVersionFinder findNearestMatch
WARNING: Unable to find CDP implementation matching 132
ene 25, 2025 1:33:29 A. M. org.openqa.selenium.chromium.ChromiumDriver lambda$new$5
WARNING: Unable to find version of CDP to use for 132.0.6834.111. You may need to include a dependency on a specific version of the CDP using something similar to `org.seleniumhq.selenium:selenium-devtools-v86:4.12.0` where the version ("v86") matches the version of the chromium-based browser you're using and the version number of the artifact is the same as Selenium's.
]]></system-err>
  </testcase>
  <testcase name="Registro de hora médica" classname="Login and Registration" time="4.405">
    <system-out><![CDATA[
Scenario: Registro de hora médica                   # src/test/resources/features/login.feature:13
  Given que estoy en la página de registro de citas # steps.LoginSteps.abrirPaginaRegistroCitas()
  When selecciono el horario "10:00 AM"             # steps.LoginSteps.seleccionoHorario(java.lang.String)
  And confirmo la cita                              # steps.LoginSteps.confirmoCita()
  Then el sistema registra la cita exitosamente     # steps.LoginSteps.verificarCitaRegistrada()
]]></system-out>
    <system-err><![CDATA[ene 25, 2025 1:33:33 A. M. org.openqa.selenium.devtools.CdpVersionFinder findNearestMatch
WARNING: Unable to find CDP implementation matching 132
ene 25, 2025 1:33:33 A. M. org.openqa.selenium.chromium.ChromiumDriver lambda$new$5
WARNING: Unable to find version of CDP to use for 132.0.6834.111. You may need to include a dependency on a specific version of the CDP using something similar to `org.seleniumhq.selenium:selenium-devtools-v86:4.12.0` where the version ("v86") matches the version of the chromium-based browser you're using and the version number of the artifact is the same as Selenium's.
]]></system-err>
  </testcase>
</testsuite>